Using pre-set license
Built from '2020.3/staging' branch; Version is '2020.3.5f1 (8095aa901b9b) revision 8426922'; Using compiler version '192528614'; Build Type 'Release'
OS: 'Windows 10 Home; OS build 19042.985; Version 2009; 64bit' Language: 'en' Physical Memory: 32617 MB
BatchMode: 1, IsHumanControllingUs: 0, StartBugReporterOnCrash: 0, Is64bit: 1, IsPro: 0

 COMMAND LINE ARGUMENTS:
C:\Program Files\Unity\Hub\Editor\2020.3.5f1\Editor\Unity.exe
-adb2
-batchMode
-noUpm
-name
AssetImportWorker0
-projectPath
D:/UnityGames/2D-Game-Prep
-logFile
Logs/AssetImportWorker0.log
-srvPort
59656
Successfully changed project path to: D:/UnityGames/2D-Game-Prep
D:/UnityGames/2D-Game-Prep
Using Asset Import Pipeline V2.
Refreshing native plugins compatible for Editor in 299.57 ms, found 3 plugins.
Preloading 0 native plugins for Editor in 0.00 ms.
Initialize engine version: 2020.3.5f1 (8095aa901b9b)
[Subsystems] Discovering subsystems at path C:/Program Files/Unity/Hub/Editor/2020.3.5f1/Editor/Data/Resources/UnitySubsystems
[Subsystems] Discovering subsystems at path D:/UnityGames/2D-Game-Prep/Assets
GfxDevice: creating device client; threaded=0
Direct3D:
    Version:  Direct3D 11.0 [level 11.1]
    Renderer: NVIDIA GeForce RTX 2070 (ID=0x1f10)
    Vendor:   
    VRAM:     8031 MB
    Driver:   27.21.14.5671
Initialize mono
Mono path[0] = 'C:/Program Files/Unity/Hub/Editor/2020.3.5f1/Editor/Data/Managed'
Mono path[1] = 'C:/Program Files/Unity/Hub/Editor/2020.3.5f1/Editor/Data/MonoBleedingEdge/lib/mono/unityjit'
Mono config path = 'C:/Program Files/Unity/Hub/Editor/2020.3.5f1/Editor/Data/MonoBleedingEdge/etc'
Using monoOptions --debugger-agent=transport=dt_socket,embedding=1,server=y,suspend=n,address=127.0.0.1:56228
Begin MonoManager ReloadAssembly
Registering precompiled unity dll's ...
Register platform support module: C:/Program Files/Unity/Hub/Editor/2020.3.5f1/Editor/Data/PlaybackEngines/WebGLSupport/UnityEditor.WebGL.Extensions.dll
Register platform support module: C:/Program Files/Unity/Hub/Editor/2020.3.5f1/Editor/Data/PlaybackEngines/MacStandaloneSupport/UnityEditor.OSXStandalone.Extensions.dll
Register platform support module: C:/Program Files/Unity/Hub/Editor/2020.3.5f1/Editor/Data/PlaybackEngines/WindowsStandaloneSupport/UnityEditor.WindowsStandalone.Extensions.dll
Register platform support module: C:/Program Files/Unity/Hub/Editor/2020.3.5f1/Editor/Data/PlaybackEngines/LinuxStandaloneSupport/UnityEditor.LinuxStandalone.Extensions.dll
Registered in 0.006699 seconds.
Native extension for LinuxStandalone target not found
Native extension for WindowsStandalone target not found
Native extension for OSXStandalone target not found
Native extension for WebGL target not found
Refreshing native plugins compatible for Editor in 32.61 ms, found 3 plugins.
Preloading 0 native plugins for Editor in 0.00 ms.
Mono: successfully reloaded assembly
- Completed reload, in  5.476 seconds
Platform modules already initialized, skipping
Registering precompiled user dll's ...
Registered in 1.117906 seconds.
Begin MonoManager ReloadAssembly
Native extension for LinuxStandalone target not found
Native extension for WindowsStandalone target not found
Native extension for OSXStandalone target not found
Native extension for WebGL target not found
Refreshing native plugins compatible for Editor in 33.00 ms, found 3 plugins.
Preloading 0 native plugins for Editor in 0.00 ms.
Mono: successfully reloaded assembly
- Completed reload, in  1.412 seconds
Platform modules already initialized, skipping
========================================================================
Worker process is ready to serve import requests
Launched and connected shader compiler UnityShaderCompiler.exe after 0.05 seconds
Refreshing native plugins compatible for Editor in 0.39 ms, found 3 plugins.
Preloading 0 native plugins for Editor in 0.00 ms.
Unloading 1827 Unused Serialized files (Serialized files now loaded: 0)
System memory in use before: 85.5 MB.
System memory in use after: 85.5 MB.

Unloading 41 unused Assets to reduce memory usage. Loaded Objects now: 2294.
Total: 2.119900 ms (FindLiveObjects: 0.250100 ms CreateObjectMapping: 0.104800 ms MarkObjects: 1.652700 ms  DeleteObjects: 0.111000 ms)

========================================================================
Received Import Request.
  path: Assets/Sprites/Background.jpg
  artifactKey: Guid(02112933ab757de4483e8d67e7759fd0) Importer(815301076,1909f56bfc062723c751e8b465ee728b)
Start importing Assets/Sprites/Background.jpg using Guid(02112933ab757de4483e8d67e7759fd0) Importer(815301076,1909f56bfc062723c751e8b465ee728b)  -> (artifact id: 'ea581ed45999e14a1c04ce03d55f68bc') in 0.102171 seconds
  Import took 0.105410 seconds .

========================================================================
Received Import Request.
  Time since last request: 0.000318 seconds.
  path: Assets/Sprites/Players.png
  artifactKey: Guid(64f16c36b8f0b7b4091da08435059e90) Importer(815301076,1909f56bfc062723c751e8b465ee728b)
Start importing Assets/Sprites/Players.png using Guid(64f16c36b8f0b7b4091da08435059e90) Importer(815301076,1909f56bfc062723c751e8b465ee728b)  -> (artifact id: '9eaa565a30967928cc0190895eddd400') in 0.019444 seconds
  Import took 0.035442 seconds .

========================================================================
Received Import Request.
  Time since last request: 0.000539 seconds.
  path: Assets/Sprites/Home.png
  artifactKey: Guid(40d276b04ee003e47853e1497ca4ef48) Importer(815301076,1909f56bfc062723c751e8b465ee728b)
Start importing Assets/Sprites/Home.png using Guid(40d276b04ee003e47853e1497ca4ef48) Importer(815301076,1909f56bfc062723c751e8b465ee728b)  -> (artifact id: '7604e319d12afcb4ba65504d4e8b47eb') in 0.021375 seconds
  Import took 0.044584 seconds .

========================================================================
Received Import Request.
  Time since last request: 0.000246 seconds.
  path: Assets/Sprites/Moon.png
  artifactKey: Guid(15e8856ad68cf214d8bc493ccf5f2d2a) Importer(815301076,1909f56bfc062723c751e8b465ee728b)
Start importing Assets/Sprites/Moon.png using Guid(15e8856ad68cf214d8bc493ccf5f2d2a) Importer(815301076,1909f56bfc062723c751e8b465ee728b)  -> (artifact id: '7ca5c3f439be090afc12364bf8405e04') in 0.012725 seconds
  Import took 0.015324 seconds .

========================================================================
Received Import Request.
  Time since last request: 0.000208 seconds.
  path: Assets/Scripts
  artifactKey: Guid(073abb2967752f440ba423118c3dbb99) Importer(815301076,1909f56bfc062723c751e8b465ee728b)
Start importing Assets/Scripts using Guid(073abb2967752f440ba423118c3dbb99) Importer(815301076,1909f56bfc062723c751e8b465ee728b)  -> (artifact id: '80430eee721d1874b715244faa8f2c46') in 0.005270 seconds
  Import took 0.013721 seconds .

========================================================================
Received Import Request.
  Time since last request: 0.000251 seconds.
  path: Assets/Sprites/Player Select.png
  artifactKey: Guid(4003914d70af04645a441447621cab33) Importer(815301076,1909f56bfc062723c751e8b465ee728b)
Start importing Assets/Sprites/Player Select.png using Guid(4003914d70af04645a441447621cab33) Importer(815301076,1909f56bfc062723c751e8b465ee728b)  -> (artifact id: 'bc1c16f4328eaa3b4b5080d40686a4c5') in 0.012439 seconds
  Import took 0.029865 seconds .

========================================================================
Received Import Request.
  Time since last request: 0.000284 seconds.
  path: Assets/Sprites/Restart.png
  artifactKey: Guid(262d73525a326a14689abd1149651f5f) Importer(815301076,1909f56bfc062723c751e8b465ee728b)
Start importing Assets/Sprites/Restart.png using Guid(262d73525a326a14689abd1149651f5f) Importer(815301076,1909f56bfc062723c751e8b465ee728b)  -> (artifact id: '3fe670747bbf1ded24cb2e5e7fedba79') in 0.010293 seconds
  Import took 0.015714 seconds .

========================================================================
Received Import Request.
  Time since last request: 0.000258 seconds.
  path: Assets/Sprites
  artifactKey: Guid(9668887bbef150540922757fa58055e6) Importer(815301076,1909f56bfc062723c751e8b465ee728b)
Start importing Assets/Sprites using Guid(9668887bbef150540922757fa58055e6) Importer(815301076,1909f56bfc062723c751e8b465ee728b)  -> (artifact id: '4bf73a00e7a2e89a83bb2a44fcd6c8c4') in 0.004877 seconds
  Import took 0.007526 seconds .

========================================================================
Received Import Request.
  Time since last request: 0.000256 seconds.
  path: Assets/Sprites/Ground.jpg
  artifactKey: Guid(de458faa57cd7ff419a17ea465ebf60a) Importer(815301076,1909f56bfc062723c751e8b465ee728b)
Start importing Assets/Sprites/Ground.jpg using Guid(de458faa57cd7ff419a17ea465ebf60a) Importer(815301076,1909f56bfc062723c751e8b465ee728b)  -> (artifact id: 'abfa0c115b1a41b932cde196145eb692') in 0.014031 seconds
  Import took 0.017069 seconds .

========================================================================
Received Import Request.
  Time since last request: 0.000232 seconds.
  path: Assets/Sprites/Enemies.png
  artifactKey: Guid(dfd1cd41b46e19f4ea126c19b7211391) Importer(815301076,1909f56bfc062723c751e8b465ee728b)
Start importing Assets/Sprites/Enemies.png using Guid(dfd1cd41b46e19f4ea126c19b7211391) Importer(815301076,1909f56bfc062723c751e8b465ee728b)  -> (artifact id: 'afc4e5e3cf9acfb263e532fa84d054eb') in 0.016737 seconds
  Import took 0.020228 seconds .

========================================================================
Received Import Request.
  Time since last request: 38.367276 seconds.
  path: Assets/Sprites/Players.png
  artifactKey: Guid(64f16c36b8f0b7b4091da08435059e90) Importer(815301076,1909f56bfc062723c751e8b465ee728b)
Start importing Assets/Sprites/Players.png using Guid(64f16c36b8f0b7b4091da08435059e90) Importer(815301076,1909f56bfc062723c751e8b465ee728b)  -> (artifact id: 'ac7074f818bc6490bbfe22663bece44a') in 0.019703 seconds
  Import took 0.023176 seconds .

========================================================================
Received Import Request.
  Time since last request: 125.754665 seconds.
  path: Assets/Sprites/Players.png
  artifactKey: Guid(64f16c36b8f0b7b4091da08435059e90) Importer(815301076,1909f56bfc062723c751e8b465ee728b)
Start importing Assets/Sprites/Players.png using Guid(64f16c36b8f0b7b4091da08435059e90) Importer(815301076,1909f56bfc062723c751e8b465ee728b)  -> (artifact id: 'af18f7e374fb12493ecf69ac0aace396') in 0.085236 seconds
  Import took 0.089969 seconds .

========================================================================
Received Import Request.
  Time since last request: 359.361657 seconds.
  path: Assets
  artifactKey: Guid(00000000000000001000000000000000) Importer(815301076,1909f56bfc062723c751e8b465ee728b)
Start importing Assets using Guid(00000000000000001000000000000000) Importer(815301076,1909f56bfc062723c751e8b465ee728b)  -> (artifact id: 'e4856052512617ee48189cf1d7999900') in 0.005409 seconds
  Import took 1.945692 seconds .

========================================================================
Received Import Request.
  Time since last request: 8.731572 seconds.
  path: Assets/Animations
  artifactKey: Guid(e4172b260aad73042a7925b657cf66d6) Importer(815301076,1909f56bfc062723c751e8b465ee728b)
Start importing Assets/Animations using Guid(e4172b260aad73042a7925b657cf66d6) Importer(815301076,1909f56bfc062723c751e8b465ee728b)  -> (artifact id: 'd206cbf06d6b7674ae69023e224deb34') in 0.005480 seconds
  Import took 0.009017 seconds .

========================================================================
Received Import Request.
  Time since last request: 12.281422 seconds.
  path: Assets/Animations/Player Animations
  artifactKey: Guid(1e6d9aa8cbf35ed49862677f7cec4ade) Importer(815301076,1909f56bfc062723c751e8b465ee728b)
Start importing Assets/Animations/Player Animations using Guid(1e6d9aa8cbf35ed49862677f7cec4ade) Importer(815301076,1909f56bfc062723c751e8b465ee728b)  -> (artifact id: 'a908fa2e06e406a9012765dc25c3984d') in 0.005361 seconds
  Import took 0.008731 seconds .

========================================================================
Received Import Request.
  Time since last request: 23.591078 seconds.
  path: Assets/Animations/Player Animations/Player 1 Animations
  artifactKey: Guid(26c9dbbc6eed8a3418b0e27a054a6f76) Importer(815301076,1909f56bfc062723c751e8b465ee728b)
Start importing Assets/Animations/Player Animations/Player 1 Animations using Guid(26c9dbbc6eed8a3418b0e27a054a6f76) Importer(815301076,1909f56bfc062723c751e8b465ee728b)  -> (artifact id: '7b23ff6327c3664cf2befd68103a3030') in 0.005284 seconds
  Import took 0.008591 seconds .

========================================================================
Received Import Request.
  Time since last request: 21.815008 seconds.
  path: Assets/Animations/Player Animations/Player 1 Animations/Player 1 Animator.controller
  artifactKey: Guid(715a92747ae99024d8382ca79ea41b17) Importer(815301076,1909f56bfc062723c751e8b465ee728b)
Start importing Assets/Animations/Player Animations/Player 1 Animations/Player 1 Animator.controller using Guid(715a92747ae99024d8382ca79ea41b17) Importer(815301076,1909f56bfc062723c751e8b465ee728b)  -> (artifact id: 'b4d764807d4a20a9df88f8bc5bdf0c48') in 0.013831 seconds
  Import took 0.029487 seconds .

========================================================================
Received Import Request.
  Time since last request: 0.000985 seconds.
  path: Assets/Animations/Player Animations/Player 1 Animations/Player 1 Animator.controller
  artifactKey: Guid(715a92747ae99024d8382ca79ea41b17) Importer(815301076,1909f56bfc062723c751e8b465ee728b)
Start importing Assets/Animations/Player Animations/Player 1 Animations/Player 1 Animator.controller using Guid(715a92747ae99024d8382ca79ea41b17) Importer(815301076,1909f56bfc062723c751e8b465ee728b)  -> (artifact id: 'b4d764807d4a20a9df88f8bc5bdf0c48') in 0.002417 seconds
  Import took 0.005219 seconds .

========================================================================
Received Import Request.
  Time since last request: 1215.849048 seconds.
  path: Assets/Prefabs
  artifactKey: Guid(3f7515fe4fc698f418a8a4449053a9ac) Importer(815301076,1909f56bfc062723c751e8b465ee728b)
Start importing Assets/Prefabs using Guid(3f7515fe4fc698f418a8a4449053a9ac) Importer(815301076,1909f56bfc062723c751e8b465ee728b)  -> (artifact id: 'a229ef8c0ee23f6e8e985a3d239e061f') in 0.006517 seconds
  Import took 0.010661 seconds .

========================================================================
Received Import Request.
  Time since last request: 3.596440 seconds.
  path: Assets/Prefabs/Player 1.prefab
  artifactKey: Guid(234dec771681e3049a516220958e0531) Importer(815301076,1909f56bfc062723c751e8b465ee728b)
Start importing Assets/Prefabs/Player 1.prefab using Guid(234dec771681e3049a516220958e0531) Importer(815301076,1909f56bfc062723c751e8b465ee728b) The Animator Controller (Player 1 Animator) you have used is not valid. Animations will not play
UnityEngine.StackTraceUtility:ExtractStackTrace ()
UnityEditor.EditorUtility:Internal_InstantiateRemoveAllNonAnimationComponentsSingle (UnityEngine.Object,UnityEngine.Vector3,UnityEngine.Quaternion)
UnityEditor.EditorUtility:InstantiateRemoveAllNonAnimationComponents (UnityEngine.Object,UnityEngine.Vector3,UnityEngine.Quaternion)
UnityEditor.EditorUtility:InstantiateForAnimatorPreview (UnityEngine.Object)
UnityEditor.GameObjectInspector/PreviewData:UpdateGameObject (UnityEngine.Object)
UnityEditor.GameObjectInspector/PreviewData:.ctor (UnityEngine.Object)
UnityEditor.GameObjectInspector:GetPreviewData ()
UnityEditor.GameObjectInspector:RenderStaticPreview (string,UnityEngine.Object[],int,int)
UnityEditor.AssetPreviewUpdater:CreatePreviewForAsset (UnityEngine.Object,UnityEngine.Object[],string)

[C:\buildslave\unity\build\Modules/Animation/Director/AnimatorControllerPlayable.cpp line 333]

The Animator Controller (Player 1 Animator) you have used is not valid. Animations will not play
UnityEngine.StackTraceUtility:ExtractStackTrace ()
UnityEditor.EditorUtility:InitInstantiatedPreviewRecursive (UnityEngine.GameObject)
UnityEditor.EditorUtility:InstantiateForAnimatorPreview (UnityEngine.Object)
UnityEditor.GameObjectInspector/PreviewData:UpdateGameObject (UnityEngine.Object)
UnityEditor.GameObjectInspector/PreviewData:.ctor (UnityEngine.Object)
UnityEditor.GameObjectInspector:GetPreviewData ()
UnityEditor.GameObjectInspector:RenderStaticPreview (string,UnityEngine.Object[],int,int)
UnityEditor.AssetPreviewUpdater:CreatePreviewForAsset (UnityEngine.Object,UnityEngine.Object[],string)

[C:\buildslave\unity\build\Modules/Animation/Director/AnimatorControllerPlayable.cpp line 333]

 -> (artifact id: '69d84a798bdf2604da332642d795cd4f') in 0.038563 seconds
  Import took 0.041782 seconds .

========================================================================
Received Import Request.
  Time since last request: 132.133695 seconds.
  path: Assets/Animations/Player Animations/Player 2 Animations
  artifactKey: Guid(5d7ff7486119a774fba386edc8295aa3) Importer(815301076,1909f56bfc062723c751e8b465ee728b)
Start importing Assets/Animations/Player Animations/Player 2 Animations using Guid(5d7ff7486119a774fba386edc8295aa3) Importer(815301076,1909f56bfc062723c751e8b465ee728b)  -> (artifact id: 'ef24fb6d217517824480b89fdea3525e') in 0.005235 seconds
  Import took 0.009313 seconds .

========================================================================
Received Import Request.
  Time since last request: 21.910459 seconds.
  path: Assets/Animations/Player Animations/Player 1 Animations/Player 1 Controller.controller
  artifactKey: Guid(715a92747ae99024d8382ca79ea41b17) Importer(815301076,1909f56bfc062723c751e8b465ee728b)
Start importing Assets/Animations/Player Animations/Player 1 Animations/Player 1 Controller.controller using Guid(715a92747ae99024d8382ca79ea41b17) Importer(815301076,1909f56bfc062723c751e8b465ee728b)  -> (artifact id: '796a3c166ea57197326b2be299ebf3b8') in 0.006460 seconds
  Import took 0.009245 seconds .

========================================================================
Received Import Request.
  Time since last request: 20.741996 seconds.
  path: Assets/Animations/Player Animations/Player 2 Animations/Player 2 Animation Controller.controller
  artifactKey: Guid(eda7d7af85bdbd542b639c17aa649c58) Importer(815301076,1909f56bfc062723c751e8b465ee728b)
Start importing Assets/Animations/Player Animations/Player 2 Animations/Player 2 Animation Controller.controller using Guid(eda7d7af85bdbd542b639c17aa649c58) Importer(815301076,1909f56bfc062723c751e8b465ee728b)  -> (artifact id: 'c1e1c2db9d065a24731306a46d99ed9a') in 0.005581 seconds
  Import took 0.008314 seconds .

========================================================================
Received Prepare
Registering precompiled user dll's ...
Registered in 0.005581 seconds.
Begin MonoManager ReloadAssembly
Native extension for LinuxStandalone target not found
Native extension for WindowsStandalone target not found
Native extension for OSXStandalone target not found
Native extension for WebGL target not found
Refreshing native plugins compatible for Editor in 0.42 ms, found 3 plugins.
Preloading 0 native plugins for Editor in 0.00 ms.
Mono: successfully reloaded assembly
- Completed reload, in  0.803 seconds
Platform modules already initialized, skipping
Refreshing native plugins compatible for Editor in 0.45 ms, found 3 plugins.
Preloading 0 native plugins for Editor in 0.00 ms.
Unloading 1823 Unused Serialized files (Serialized files now loaded: 0)
System memory in use before: 88.8 MB.
System memory in use after: 88.8 MB.

Unloading 29 unused Assets to reduce memory usage. Loaded Objects now: 2344.
Total: 2.124900 ms (FindLiveObjects: 0.185400 ms CreateObjectMapping: 0.077800 ms MarkObjects: 1.756300 ms  DeleteObjects: 0.104700 ms)

========================================================================
Received Import Request.
  Time since last request: 40.002659 seconds.
  path: Assets/Animations/Player Animations/Player 2 Animations/Player 2 Animation Controller.controller
  artifactKey: Guid(eda7d7af85bdbd542b639c17aa649c58) Importer(815301076,1909f56bfc062723c751e8b465ee728b)
Start importing Assets/Animations/Player Animations/Player 2 Animations/Player 2 Animation Controller.controller using Guid(eda7d7af85bdbd542b639c17aa649c58) Importer(815301076,1909f56bfc062723c751e8b465ee728b)  -> (artifact id: '76c7792bee42d54990df469a2d5e42a2') in 0.009966 seconds
  Import took 0.013156 seconds .

========================================================================
Received Import Request.
  Time since last request: 602.104042 seconds.
  path: Assets/Prefabs/Players 2.prefab
  artifactKey: Guid(f3dda9e5281fdbf45897a3fcf0e50a0d) Importer(815301076,1909f56bfc062723c751e8b465ee728b)
Start importing Assets/Prefabs/Players 2.prefab using Guid(f3dda9e5281fdbf45897a3fcf0e50a0d) Importer(815301076,1909f56bfc062723c751e8b465ee728b)  -> (artifact id: 'bf6ca645c4bab5e8d9aa4c66719c217e') in 0.045444 seconds
  Import took 0.050227 seconds .

========================================================================
Received Import Request.
  Time since last request: 0.007927 seconds.
  path: Assets/Prefabs/Players 2.prefab
  artifactKey: Guid(f3dda9e5281fdbf45897a3fcf0e50a0d) Importer(815301076,1909f56bfc062723c751e8b465ee728b)
Start importing Assets/Prefabs/Players 2.prefab using Guid(f3dda9e5281fdbf45897a3fcf0e50a0d) Importer(815301076,1909f56bfc062723c751e8b465ee728b)  -> (artifact id: 'bf6ca645c4bab5e8d9aa4c66719c217e') in 0.009215 seconds
  Import took 0.011985 seconds .

========================================================================
Received Import Request.
  Time since last request: 512.835845 seconds.
  path: ProjectSettings/TagManager.asset
  artifactKey: Guid(00000000000000003000000000000000) Importer(815301076,1909f56bfc062723c751e8b465ee728b)
Start importing ProjectSettings/TagManager.asset using Guid(00000000000000003000000000000000) Importer(815301076,1909f56bfc062723c751e8b465ee728b)  -> (artifact id: '1c037ca2c5e51484f479ce63818a6327') in 0.007889 seconds
  Import took 0.012652 seconds .

========================================================================
Received Import Request.
  Time since last request: 0.004876 seconds.
  path: ProjectSettings/TagManager.asset
  artifactKey: Guid(00000000000000003000000000000000) Importer(815301076,1909f56bfc062723c751e8b465ee728b)
Start importing ProjectSettings/TagManager.asset using Guid(00000000000000003000000000000000) Importer(815301076,1909f56bfc062723c751e8b465ee728b)  -> (artifact id: '1c037ca2c5e51484f479ce63818a6327') in 0.002247 seconds
  Import took 0.005537 seconds .

========================================================================
Received Import Request.
  Time since last request: 163.234199 seconds.
  path: Assets/Prefabs/Player 1.prefab
  artifactKey: Guid(234dec771681e3049a516220958e0531) Importer(815301076,1909f56bfc062723c751e8b465ee728b)
Start importing Assets/Prefabs/Player 1.prefab using Guid(234dec771681e3049a516220958e0531) Importer(815301076,1909f56bfc062723c751e8b465ee728b)  -> (artifact id: '3e15c5dcf92aa967c4604ba2bdcab998') in 0.009923 seconds
  Import took 0.014529 seconds .

========================================================================
Received Import Request.
  Time since last request: 6.782282 seconds.
  path: Assets/Prefabs/Players 2.prefab
  artifactKey: Guid(f3dda9e5281fdbf45897a3fcf0e50a0d) Importer(815301076,1909f56bfc062723c751e8b465ee728b)
Start importing Assets/Prefabs/Players 2.prefab using Guid(f3dda9e5281fdbf45897a3fcf0e50a0d) Importer(815301076,1909f56bfc062723c751e8b465ee728b)  -> (artifact id: '3c82ff4faf9934f040565ea4a27420a6') in 0.011359 seconds
  Import took 0.015568 seconds .

========================================================================
Received Import Request.
  Time since last request: 0.008974 seconds.
  path: Assets/Prefabs/Players 2.prefab
  artifactKey: Guid(f3dda9e5281fdbf45897a3fcf0e50a0d) Importer(815301076,1909f56bfc062723c751e8b465ee728b)
Start importing Assets/Prefabs/Players 2.prefab using Guid(f3dda9e5281fdbf45897a3fcf0e50a0d) Importer(815301076,1909f56bfc062723c751e8b465ee728b)  -> (artifact id: '3c82ff4faf9934f040565ea4a27420a6') in 0.021328 seconds
  Import took 0.024118 seconds .

========================================================================
Received Prepare
Registering precompiled user dll's ...
Registered in 0.005574 seconds.
Begin MonoManager ReloadAssembly
Native extension for LinuxStandalone target not found
Native extension for WindowsStandalone target not found
Native extension for OSXStandalone target not found
Native extension for WebGL target not found
Refreshing native plugins compatible for Editor in 0.43 ms, found 3 plugins.
Preloading 0 native plugins for Editor in 0.00 ms.
Mono: successfully reloaded assembly
- Completed reload, in  0.986 seconds
Platform modules already initialized, skipping
Refreshing native plugins compatible for Editor in 0.42 ms, found 3 plugins.
Preloading 0 native plugins for Editor in 0.00 ms.
Unloading 1823 Unused Serialized files (Serialized files now loaded: 0)
System memory in use before: 88.9 MB.
System memory in use after: 88.9 MB.

Unloading 31 unused Assets to reduce memory usage. Loaded Objects now: 2349.
Total: 2.110500 ms (FindLiveObjects: 0.209600 ms CreateObjectMapping: 0.094400 ms MarkObjects: 1.699200 ms  DeleteObjects: 0.106300 ms)

========================================================================
Received Prepare
Registering precompiled user dll's ...
Registered in 0.005278 seconds.
Begin MonoManager ReloadAssembly
Native extension for LinuxStandalone target not found
Native extension for WindowsStandalone target not found
Native extension for OSXStandalone target not found
Native extension for WebGL target not found
Refreshing native plugins compatible for Editor in 0.45 ms, found 3 plugins.
Preloading 0 native plugins for Editor in 0.00 ms.
Mono: successfully reloaded assembly
- Completed reload, in  0.922 seconds
Platform modules already initialized, skipping
Refreshing native plugins compatible for Editor in 0.44 ms, found 3 plugins.
Preloading 0 native plugins for Editor in 0.00 ms.
Unloading 1823 Unused Serialized files (Serialized files now loaded: 0)
System memory in use before: 88.9 MB.
System memory in use after: 88.9 MB.

Unloading 29 unused Assets to reduce memory usage. Loaded Objects now: 2353.
Total: 2.287200 ms (FindLiveObjects: 0.236700 ms CreateObjectMapping: 0.096700 ms MarkObjects: 1.835900 ms  DeleteObjects: 0.116400 ms)

========================================================================
Received Import Request.
  Time since last request: 3139.880546 seconds.
  path: Assets/Scripts/Player.cs
  artifactKey: Guid(872ac955aeaafd4409e800f6af2ef8cb) Importer(815301076,1909f56bfc062723c751e8b465ee728b)
Start importing Assets/Scripts/Player.cs using Guid(872ac955aeaafd4409e800f6af2ef8cb) Importer(815301076,1909f56bfc062723c751e8b465ee728b)  -> (artifact id: 'e7910a6aa2a216308c0fc6de2f70e906') in 0.014549 seconds
  Import took 0.018298 seconds .

========================================================================
Received Prepare
Registering precompiled user dll's ...
Registered in 0.005546 seconds.
Begin MonoManager ReloadAssembly
Native extension for LinuxStandalone target not found
Native extension for WindowsStandalone target not found
Native extension for OSXStandalone target not found
Native extension for WebGL target not found
Refreshing native plugins compatible for Editor in 0.44 ms, found 3 plugins.
Preloading 0 native plugins for Editor in 0.00 ms.
Mono: successfully reloaded assembly
- Completed reload, in  0.980 seconds
Platform modules already initialized, skipping
Refreshing native plugins compatible for Editor in 0.57 ms, found 3 plugins.
Preloading 0 native plugins for Editor in 0.00 ms.
Unloading 1824 Unused Serialized files (Serialized files now loaded: 0)
System memory in use before: 89.0 MB.
System memory in use after: 89.0 MB.

Unloading 29 unused Assets to reduce memory usage. Loaded Objects now: 2358.
Total: 2.407100 ms (FindLiveObjects: 0.291700 ms CreateObjectMapping: 0.095500 ms MarkObjects: 1.859100 ms  DeleteObjects: 0.159500 ms)

========================================================================
Received Prepare
Registering precompiled user dll's ...
Registered in 0.005901 seconds.
Begin MonoManager ReloadAssembly
Native extension for LinuxStandalone target not found
Native extension for WindowsStandalone target not found
Native extension for OSXStandalone target not found
Native extension for WebGL target not found
Refreshing native plugins compatible for Editor in 0.51 ms, found 3 plugins.
Preloading 0 native plugins for Editor in 0.00 ms.
Mono: successfully reloaded assembly
- Completed reload, in  0.985 seconds
Platform modules already initialized, skipping
Refreshing native plugins compatible for Editor in 0.43 ms, found 3 plugins.
Preloading 0 native plugins for Editor in 0.00 ms.
Unloading 1824 Unused Serialized files (Serialized files now loaded: 0)
System memory in use before: 89.0 MB.
System memory in use after: 89.0 MB.

Unloading 29 unused Assets to reduce memory usage. Loaded Objects now: 2362.
Total: 2.151500 ms (FindLiveObjects: 0.257000 ms CreateObjectMapping: 0.114100 ms MarkObjects: 1.676300 ms  DeleteObjects: 0.103200 ms)

========================================================================
Received Prepare
Registering precompiled user dll's ...
Registered in 0.005396 seconds.
Begin MonoManager ReloadAssembly
Native extension for LinuxStandalone target not found
Native extension for WindowsStandalone target not found
Native extension for OSXStandalone target not found
Native extension for WebGL target not found
Refreshing native plugins compatible for Editor in 0.41 ms, found 3 plugins.
Preloading 0 native plugins for Editor in 0.00 ms.
Mono: successfully reloaded assembly
- Completed reload, in  0.786 seconds
Platform modules already initialized, skipping
Refreshing native plugins compatible for Editor in 0.42 ms, found 3 plugins.
Preloading 0 native plugins for Editor in 0.00 ms.
Unloading 1824 Unused Serialized files (Serialized files now loaded: 0)
System memory in use before: 89.0 MB.
System memory in use after: 89.0 MB.

Unloading 29 unused Assets to reduce memory usage. Loaded Objects now: 2366.
Total: 2.182700 ms (FindLiveObjects: 0.271900 ms CreateObjectMapping: 0.086700 ms MarkObjects: 1.713200 ms  DeleteObjects: 0.109700 ms)

========================================================================
Received Import Request.
  Time since last request: 345.041325 seconds.
  path: Assets/Scripts/Player.cs
  artifactKey: Guid(872ac955aeaafd4409e800f6af2ef8cb) Importer(815301076,1909f56bfc062723c751e8b465ee728b)
Start importing Assets/Scripts/Player.cs using Guid(872ac955aeaafd4409e800f6af2ef8cb) Importer(815301076,1909f56bfc062723c751e8b465ee728b)  -> (artifact id: 'c3fb871dab139ed62d1be844c92ff0c0') in 0.009014 seconds
  Import took 0.012487 seconds .

========================================================================
Received Import Request.
  Time since last request: 0.006642 seconds.
  path: Assets/Scripts/Player.cs
  artifactKey: Guid(872ac955aeaafd4409e800f6af2ef8cb) Importer(815301076,1909f56bfc062723c751e8b465ee728b)
Start importing Assets/Scripts/Player.cs using Guid(872ac955aeaafd4409e800f6af2ef8cb) Importer(815301076,1909f56bfc062723c751e8b465ee728b)  -> (artifact id: 'c3fb871dab139ed62d1be844c92ff0c0') in 0.002192 seconds
  Import took 0.005772 seconds .

========================================================================
Received Prepare
Registering precompiled user dll's ...
Registered in 0.006923 seconds.
Begin MonoManager ReloadAssembly
Native extension for LinuxStandalone target not found
Native extension for WindowsStandalone target not found
Native extension for OSXStandalone target not found
Native extension for WebGL target not found
Refreshing native plugins compatible for Editor in 0.43 ms, found 3 plugins.
Preloading 0 native plugins for Editor in 0.00 ms.
Mono: successfully reloaded assembly
- Completed reload, in  0.825 seconds
Platform modules already initialized, skipping
Refreshing native plugins compatible for Editor in 0.41 ms, found 3 plugins.
Preloading 0 native plugins for Editor in 0.00 ms.
Unloading 1824 Unused Serialized files (Serialized files now loaded: 0)
System memory in use before: 89.0 MB.
System memory in use after: 89.0 MB.

Unloading 29 unused Assets to reduce memory usage. Loaded Objects now: 2370.
Total: 2.458900 ms (FindLiveObjects: 0.214800 ms CreateObjectMapping: 0.089900 ms MarkObjects: 1.993400 ms  DeleteObjects: 0.159700 ms)

========================================================================
Received Prepare
Registering precompiled user dll's ...
Registered in 0.005858 seconds.
Begin MonoManager ReloadAssembly
Native extension for LinuxStandalone target not found
Native extension for WindowsStandalone target not found
Native extension for OSXStandalone target not found
Native extension for WebGL target not found
Refreshing native plugins compatible for Editor in 0.72 ms, found 3 plugins.
Preloading 0 native plugins for Editor in 0.00 ms.
Mono: successfully reloaded assembly
- Completed reload, in  1.038 seconds
Platform modules already initialized, skipping
Refreshing native plugins compatible for Editor in 0.76 ms, found 3 plugins.
Preloading 0 native plugins for Editor in 0.00 ms.
Unloading 1824 Unused Serialized files (Serialized files now loaded: 0)
System memory in use before: 89.1 MB.
System memory in use after: 89.0 MB.

Unloading 29 unused Assets to reduce memory usage. Loaded Objects now: 2374.
Total: 3.459200 ms (FindLiveObjects: 0.305100 ms CreateObjectMapping: 0.122300 ms MarkObjects: 2.883300 ms  DeleteObjects: 0.146800 ms)

========================================================================
Received Import Request.
  Time since last request: 765.734827 seconds.
  path: Assets/Scripts/Player.cs
  artifactKey: Guid(872ac955aeaafd4409e800f6af2ef8cb) Importer(815301076,1909f56bfc062723c751e8b465ee728b)
Start importing Assets/Scripts/Player.cs using Guid(872ac955aeaafd4409e800f6af2ef8cb) Importer(815301076,1909f56bfc062723c751e8b465ee728b)  -> (artifact id: '79b95536c0b94621468ac31a4b4cd781') in 0.004146 seconds
  Import took 0.007227 seconds .

========================================================================
Received Prepare
Registering precompiled user dll's ...
Registered in 0.005275 seconds.
Begin MonoManager ReloadAssembly
Native extension for LinuxStandalone target not found
Native extension for WindowsStandalone target not found
Native extension for OSXStandalone target not found
Native extension for WebGL target not found
Refreshing native plugins compatible for Editor in 0.42 ms, found 3 plugins.
Preloading 0 native plugins for Editor in 0.00 ms.
Mono: successfully reloaded assembly
- Completed reload, in  0.802 seconds
Platform modules already initialized, skipping
Refreshing native plugins compatible for Editor in 0.40 ms, found 3 plugins.
Preloading 0 native plugins for Editor in 0.00 ms.
Unloading 1824 Unused Serialized files (Serialized files now loaded: 0)
System memory in use before: 89.1 MB.
System memory in use after: 89.0 MB.

Unloading 29 unused Assets to reduce memory usage. Loaded Objects now: 2378.
Total: 2.234800 ms (FindLiveObjects: 0.226200 ms CreateObjectMapping: 0.101000 ms MarkObjects: 1.808500 ms  DeleteObjects: 0.098300 ms)

========================================================================
Received Import Request.
  Time since last request: 36.751663 seconds.
  path: Assets/Scripts/Player.cs
  artifactKey: Guid(872ac955aeaafd4409e800f6af2ef8cb) Importer(815301076,1909f56bfc062723c751e8b465ee728b)
Start importing Assets/Scripts/Player.cs using Guid(872ac955aeaafd4409e800f6af2ef8cb) Importer(815301076,1909f56bfc062723c751e8b465ee728b)  -> (artifact id: '3e8a914e872600146c0ca8135bc86090') in 0.004652 seconds
  Import took 0.008259 seconds .

========================================================================
Received Import Request.
  Time since last request: 0.010298 seconds.
  path: Assets/Scripts/Player.cs
  artifactKey: Guid(872ac955aeaafd4409e800f6af2ef8cb) Importer(815301076,1909f56bfc062723c751e8b465ee728b)
Start importing Assets/Scripts/Player.cs using Guid(872ac955aeaafd4409e800f6af2ef8cb) Importer(815301076,1909f56bfc062723c751e8b465ee728b)  -> (artifact id: '3e8a914e872600146c0ca8135bc86090') in 0.002181 seconds
  Import took 0.004897 seconds .

========================================================================
Received Prepare
Registering precompiled user dll's ...
Registered in 0.005870 seconds.
Begin MonoManager ReloadAssembly
Native extension for LinuxStandalone target not found
Native extension for WindowsStandalone target not found
Native extension for OSXStandalone target not found
Native extension for WebGL target not found
Refreshing native plugins compatible for Editor in 0.44 ms, found 3 plugins.
Preloading 0 native plugins for Editor in 0.00 ms.
Mono: successfully reloaded assembly
- Completed reload, in  0.946 seconds
Platform modules already initialized, skipping
Refreshing native plugins compatible for Editor in 0.47 ms, found 3 plugins.
Preloading 0 native plugins for Editor in 0.00 ms.
Unloading 1824 Unused Serialized files (Serialized files now loaded: 0)
System memory in use before: 89.1 MB.
System memory in use after: 89.0 MB.

Unloading 29 unused Assets to reduce memory usage. Loaded Objects now: 2382.
Total: 2.294400 ms (FindLiveObjects: 0.246500 ms CreateObjectMapping: 0.129800 ms MarkObjects: 1.804000 ms  DeleteObjects: 0.113300 ms)

